<?xml version="1.0" encoding="UTF-8"?>
<testsuite xmlns:xsi="http://www.w3.org/2001/XMLSchema-instance" xsi:noNamespaceSchemaLocation="https://maven.apache.org/surefire/maven-surefire-plugin/xsd/surefire-test-report.xsd" version="3.0.2" name="com.avaliacao_java.sccon.ScconApplicationTests" time="4.608" tests="1" errors="0" skipped="0" failures="0">
  <properties>
[...]
</properties>
  <testcase name="contextLoads" classname="com.avaliacao_java.sccon.ScconApplicationTests" time="0.982">
    <system-out><![CDATA[09:16:10.743 [main] INFO org.springframework.test.context.support.AnnotationConfigContextLoaderUtils -- Could not detect default configuration classes for test class [com.avaliacao_java.sccon.ScconApplicationTests]: ScconApplicationTests does not declare any static, non-private, non-final, nested classes annotated with @Configuration.
09:16:10.897 [main] INFO org.springframework.boot.test.context.SpringBootTestContextBootstrapper -- Found @SpringBootConfiguration com.avaliacao_java.sccon.ScconApplication for test class com.avaliacao_java.sccon.ScconApplicationTests

  .   ____          _            __ _ _
 /\\ / ___'_ __ _ _(_)_ __  __ _ \ \ \ \
( ( )\___ | '_ | '_| | '_ \/ _` | \ \ \ \
 \\/  ___)| |_)| | | | | || (_| |  ) ) ) )
  '  |____| .__|_| |_|_| |_\__, | / / / /
 =========|_|==============|___/=/_/_/_/

 :: Spring Boot ::                (v3.4.5)

2025-05-14T09:16:11.616-03:00  INFO 25128 --- [sccon] [           main] c.a.sccon.ScconApplicationTests          : Starting ScconApplicationTests using Java 21.0.7 with PID 25128 (started by lucas in E:\sccon)
2025-05-14T09:16:11.618-03:00  INFO 25128 --- [sccon] [           main] c.a.sccon.ScconApplicationTests          : No active profile set, falling back to 1 default profile: "default"
2025-05-14T09:16:14.168-03:00  INFO 25128 --- [sccon] [           main] c.a.sccon.ScconApplicationTests          : Started ScconApplicationTests in 3.084 seconds (process running for 4.263)
]]></system-out>
    <system-err><![CDATA[Mockito is currently self-attaching to enable the inline-mock-maker. This will no longer work in future releases of the JDK. Please add Mockito as an agent to your build what is described in Mockito's documentation: https://javadoc.io/doc/org.mockito/mockito-core/latest/org/mockito/Mockito.html#0.3
WARNING: A Java agent has been loaded dynamically (C:\Users\lucas\.m2\repository\net\bytebuddy\byte-buddy-agent\1.15.11\byte-buddy-agent-1.15.11.jar)
WARNING: If a serviceability tool is in use, please run with -XX:+EnableDynamicAgentLoading to hide this warning
WARNING: If a serviceability tool is not in use, please run with -Djdk.instrument.traceUsage for more information
WARNING: Dynamic loading of agents will be disallowed by default in a future release
]]></system-err>
  </testcase>
</testsuite>